# Logfile created on 2013-12-18 10:54:31 -0700 by logger.rb/36483
D, [2013-12-18T10:54:31.699356 #18252] DEBUG -- : REQUESTING PAGE: GET / with {} and HTTP headers {}
D, [2013-12-18T10:54:31.770102 #18252] DEBUG -- : REQUESTING PAGE: GET /about with {} and HTTP headers {"HTTP_REFERER"=>"/"}
D, [2013-12-18T10:54:31.787886 #18252] DEBUG -- : REQUESTING PAGE: GET /help with {} and HTTP headers {"HTTP_REFERER"=>"/about"}
D, [2013-12-18T10:54:31.804745 #18252] DEBUG -- : REQUESTING PAGE: GET / with {} and HTTP headers {"HTTP_REFERER"=>"/help"}
D, [2013-12-18T10:54:31.822065 #18252] DEBUG -- : REQUESTING PAGE: GET /contact with {} and HTTP headers {"HTTP_REFERER"=>"/"}
D, [2013-12-18T10:56:45.327219 #18382] DEBUG -- : REQUESTING PAGE: GET / with {} and HTTP headers {}
D, [2013-12-18T10:56:45.344348 #18382] DEBUG -- : REQUESTING PAGE: GET /about with {} and HTTP headers {"HTTP_REFERER"=>"/"}
D, [2013-12-18T10:56:45.394700 #18382] DEBUG -- : REQUESTING PAGE: GET /help with {} and HTTP headers {"HTTP_REFERER"=>"/about"}
D, [2013-12-18T10:56:45.410536 #18382] DEBUG -- : REQUESTING PAGE: GET / with {} and HTTP headers {"HTTP_REFERER"=>"/help"}
D, [2013-12-18T10:56:45.426260 #18382] DEBUG -- : REQUESTING PAGE: GET /contact with {} and HTTP headers {"HTTP_REFERER"=>"/"}
D, [2013-12-18T11:00:27.853353 #18586] DEBUG -- : REQUESTING PAGE: GET / with {} and HTTP headers {}
D, [2013-12-18T11:00:27.898933 #18586] DEBUG -- : REQUESTING PAGE: GET /about with {} and HTTP headers {"HTTP_REFERER"=>"/"}
D, [2013-12-18T11:00:27.916051 #18586] DEBUG -- : REQUESTING PAGE: GET /help with {} and HTTP headers {"HTTP_REFERER"=>"/about"}
D, [2013-12-18T11:00:27.931397 #18586] DEBUG -- : REQUESTING PAGE: GET / with {} and HTTP headers {"HTTP_REFERER"=>"/help"}
D, [2013-12-18T11:00:27.946688 #18586] DEBUG -- : REQUESTING PAGE: GET /contact with {} and HTTP headers {"HTTP_REFERER"=>"/"}
D, [2013-12-18T11:05:49.066745 #18835] DEBUG -- : REQUESTING PAGE: GET / with {} and HTTP headers {}
D, [2013-12-18T11:05:49.081893 #18835] DEBUG -- : REQUESTING PAGE: GET /about with {} and HTTP headers {"HTTP_REFERER"=>"/"}
D, [2013-12-18T11:05:49.132098 #18835] DEBUG -- : REQUESTING PAGE: GET /help with {} and HTTP headers {"HTTP_REFERER"=>"/about"}
D, [2013-12-18T11:05:49.147756 #18835] DEBUG -- : REQUESTING PAGE: GET / with {} and HTTP headers {"HTTP_REFERER"=>"/help"}
D, [2013-12-18T11:05:49.161938 #18835] DEBUG -- : REQUESTING PAGE: GET /contact with {} and HTTP headers {"HTTP_REFERER"=>"/"}
D, [2013-12-18T11:06:09.497058 #18857] DEBUG -- : REQUESTING PAGE: GET / with {} and HTTP headers {}
D, [2013-12-18T11:06:09.512121 #18857] DEBUG -- : REQUESTING PAGE: GET /about with {} and HTTP headers {"HTTP_REFERER"=>"/"}
D, [2013-12-18T11:06:09.561023 #18857] DEBUG -- : REQUESTING PAGE: GET /help with {} and HTTP headers {"HTTP_REFERER"=>"/about"}
D, [2013-12-18T11:06:09.576414 #18857] DEBUG -- : REQUESTING PAGE: GET / with {} and HTTP headers {"HTTP_REFERER"=>"/help"}
D, [2013-12-18T11:06:09.591350 #18857] DEBUG -- : REQUESTING PAGE: GET /contact with {} and HTTP headers {"HTTP_REFERER"=>"/"}
D, [2013-12-18T11:08:53.832314 #18967] DEBUG -- : REQUESTING PAGE: GET / with {} and HTTP headers {}
D, [2013-12-18T11:08:53.847352 #18967] DEBUG -- : REQUESTING PAGE: GET /about with {} and HTTP headers {"HTTP_REFERER"=>"/"}
D, [2013-12-18T11:08:53.862759 #18967] DEBUG -- : REQUESTING PAGE: GET /help with {} and HTTP headers {"HTTP_REFERER"=>"/about"}
D, [2013-12-18T11:08:53.877585 #18967] DEBUG -- : REQUESTING PAGE: GET /contact with {} and HTTP headers {"HTTP_REFERER"=>"/help"}
D, [2013-12-18T11:08:53.893247 #18967] DEBUG -- : REQUESTING PAGE: GET / with {} and HTTP headers {"HTTP_REFERER"=>"/contact"}
D, [2013-12-18T11:08:53.941583 #18967] DEBUG -- : REQUESTING PAGE: GET /signup with {} and HTTP headers {"HTTP_REFERER"=>"/"}
